2023-11-30 13:37:40.455  INFO 8668 --- [main] com.moehu.back.BackApplication           : Starting BackApplication using Java 11 on LAPTOP-DLRURTMA with PID 8668 (D:\workspace\moehu-backend\moehu-backend\target\classes started by lenovo in D:\workspace\moehu-backend)
2023-11-30 13:37:40.462  INFO 8668 --- [main] com.moehu.back.BackApplication           : The following profiles are active: dev
2023-11-30 13:37:41.562  INFO 8668 --- [main] o.s.b.w.embedded.tomcat.TomcatWebServer  : Tomcat initialized with port(s): 8090 (http)
2023-11-30 13:37:41.570  INFO 8668 --- [main] o.apache.catalina.core.StandardService   : Starting service [Tomcat]
2023-11-30 13:37:41.570  INFO 8668 --- [main] org.apache.catalina.core.StandardEngine  : Starting Servlet engine: [Apache Tomcat/9.0.44]
2023-11-30 13:37:41.669  INFO 8668 --- [main] o.a.c.c.C.[Tomcat].[localhost].[/]       : Initializing Spring embedded WebApplicationContext
2023-11-30 13:37:41.669  INFO 8668 --- [main] w.s.c.ServletWebServerApplicationContext : Root WebApplicationContext: initialization completed in 1167 ms
2023-11-30 13:37:42.352  INFO 8668 --- [main] pertySourcedRequestMappingHandlerMapping : Mapped URL path [/v2/api-docs] onto method [springfox.documentation.swagger2.web.Swagger2Controller#getDocumentation(String, HttpServletRequest)]
2023-11-30 13:37:42.434  INFO 8668 --- [main] o.s.s.concurrent.ThreadPoolTaskExecutor  : Initializing ExecutorService 'applicationTaskExecutor'
2023-11-30 13:37:42.631  INFO 8668 --- [main] org.quartz.impl.StdSchedulerFactory      : Using default implementation for ThreadExecutor
2023-11-30 13:37:42.638  INFO 8668 --- [main] org.quartz.core.SchedulerSignalerImpl    : Initialized Scheduler Signaller of type: class org.quartz.core.SchedulerSignalerImpl
2023-11-30 13:37:42.639  INFO 8668 --- [main] org.quartz.core.QuartzScheduler          : Quartz Scheduler v.2.3.2 created.
2023-11-30 13:37:42.639  INFO 8668 --- [main] org.quartz.simpl.RAMJobStore             : RAMJobStore initialized.
2023-11-30 13:37:42.639  INFO 8668 --- [main] org.quartz.core.QuartzScheduler          : Scheduler meta-data: Quartz Scheduler (v2.3.2) 'quartzScheduler' with instanceId 'NON_CLUSTERED'
  Scheduler class: 'org.quartz.core.QuartzScheduler' - running locally.
  NOT STARTED.
  Currently in standby mode.
  Number of jobs executed: 0
  Using thread pool 'org.quartz.simpl.SimpleThreadPool' - with 10 threads.
  Using job-store 'org.quartz.simpl.RAMJobStore' - which does not support persistence. and is not clustered.

2023-11-30 13:37:42.640  INFO 8668 --- [main] org.quartz.impl.StdSchedulerFactory      : Quartz scheduler 'quartzScheduler' initialized from an externally provided properties instance.
2023-11-30 13:37:42.640  INFO 8668 --- [main] org.quartz.impl.StdSchedulerFactory      : Quartz scheduler version: 2.3.2
2023-11-30 13:37:42.640  INFO 8668 --- [main] org.quartz.core.QuartzScheduler          : JobFactory set to: org.springframework.scheduling.quartz.SpringBeanJobFactory@63d3c9dc
2023-11-30 13:37:42.692  INFO 8668 --- [main] o.s.b.w.embedded.tomcat.TomcatWebServer  : Tomcat started on port(s): 8090 (http) with context path ''
2023-11-30 13:37:42.693  INFO 8668 --- [main] d.s.w.p.DocumentationPluginsBootstrapper : Context refreshed
2023-11-30 13:37:42.702  INFO 8668 --- [main] d.s.w.p.DocumentationPluginsBootstrapper : Found 1 custom documentation plugin(s)
2023-11-30 13:37:42.722  INFO 8668 --- [main] s.d.s.w.s.ApiListingReferenceScanner     : Scanning for api listing references
2023-11-30 13:37:42.801  INFO 8668 --- [main] .d.s.w.r.o.CachingOperationNameGenerator : Generating unique operation named: downloadByHutoolUsingGET_1
2023-11-30 13:37:42.834  INFO 8668 --- [main] .d.s.w.r.o.CachingOperationNameGenerator : Generating unique operation named: adduserUsingPOST_1
2023-11-30 13:37:42.884  INFO 8668 --- [main] o.s.s.quartz.SchedulerFactoryBean        : Starting Quartz Scheduler now
2023-11-30 13:37:42.884  INFO 8668 --- [main] org.quartz.core.QuartzScheduler          : Scheduler quartzScheduler_$_NON_CLUSTERED started.
2023-11-30 13:37:42.895  INFO 8668 --- [main] com.moehu.back.BackApplication           : Started BackApplication in 2.819 seconds (JVM running for 4.574)
2023-11-30 13:39:22.684  INFO 8668 --- [SpringContextShutdownHook] org.quartz.core.QuartzScheduler          : Scheduler quartzScheduler_$_NON_CLUSTERED paused.
2023-11-30 13:39:23.541  INFO 8668 --- [SpringContextShutdownHook] o.s.s.quartz.SchedulerFactoryBean        : Shutting down Quartz Scheduler
2023-11-30 13:39:23.541  INFO 8668 --- [SpringContextShutdownHook] org.quartz.core.QuartzScheduler          : Scheduler quartzScheduler_$_NON_CLUSTERED shutting down.
2023-11-30 13:39:23.541  INFO 8668 --- [SpringContextShutdownHook] org.quartz.core.QuartzScheduler          : Scheduler quartzScheduler_$_NON_CLUSTERED paused.
2023-11-30 13:39:23.542  INFO 8668 --- [SpringContextShutdownHook] org.quartz.core.QuartzScheduler          : Scheduler quartzScheduler_$_NON_CLUSTERED shutdown complete.
2023-11-30 13:39:23.543  INFO 8668 --- [SpringContextShutdownHook] o.s.s.concurrent.ThreadPoolTaskExecutor  : Shutting down ExecutorService 'applicationTaskExecutor'
2023-11-30 13:41:57.955  INFO 14820 --- [main] com.moehu.back.BackApplication           : Starting BackApplication using Java 11 on LAPTOP-DLRURTMA with PID 14820 (D:\workspace\moehu-backend\moehu-backend\target\classes started by lenovo in D:\workspace\moehu-backend)
2023-11-30 13:41:57.959  INFO 14820 --- [main] com.moehu.back.BackApplication           : The following profiles are active: dev
2023-11-30 13:41:58.998  INFO 14820 --- [main] o.s.b.w.embedded.tomcat.TomcatWebServer  : Tomcat initialized with port(s): 8090 (http)
2023-11-30 13:41:59.004  INFO 14820 --- [main] o.apache.catalina.core.StandardService   : Starting service [Tomcat]
2023-11-30 13:41:59.005  INFO 14820 --- [main] org.apache.catalina.core.StandardEngine  : Starting Servlet engine: [Apache Tomcat/9.0.44]
2023-11-30 13:41:59.105  INFO 14820 --- [main] o.a.c.c.C.[Tomcat].[localhost].[/]       : Initializing Spring embedded WebApplicationContext
2023-11-30 13:41:59.105  INFO 14820 --- [main] w.s.c.ServletWebServerApplicationContext : Root WebApplicationContext: initialization completed in 1109 ms
2023-11-30 13:41:59.728  INFO 14820 --- [main] pertySourcedRequestMappingHandlerMapping : Mapped URL path [/v2/api-docs] onto method [springfox.documentation.swagger2.web.Swagger2Controller#getDocumentation(String, HttpServletRequest)]
2023-11-30 13:41:59.821  INFO 14820 --- [main] o.s.s.concurrent.ThreadPoolTaskExecutor  : Initializing ExecutorService 'applicationTaskExecutor'
2023-11-30 13:42:00.040  INFO 14820 --- [main] org.quartz.impl.StdSchedulerFactory      : Using default implementation for ThreadExecutor
2023-11-30 13:42:00.048  INFO 14820 --- [main] org.quartz.core.SchedulerSignalerImpl    : Initialized Scheduler Signaller of type: class org.quartz.core.SchedulerSignalerImpl
2023-11-30 13:42:00.048  INFO 14820 --- [main] org.quartz.core.QuartzScheduler          : Quartz Scheduler v.2.3.2 created.
2023-11-30 13:42:00.049  INFO 14820 --- [main] org.quartz.simpl.RAMJobStore             : RAMJobStore initialized.
2023-11-30 13:42:00.049  INFO 14820 --- [main] org.quartz.core.QuartzScheduler          : Scheduler meta-data: Quartz Scheduler (v2.3.2) 'quartzScheduler' with instanceId 'NON_CLUSTERED'
  Scheduler class: 'org.quartz.core.QuartzScheduler' - running locally.
  NOT STARTED.
  Currently in standby mode.
  Number of jobs executed: 0
  Using thread pool 'org.quartz.simpl.SimpleThreadPool' - with 10 threads.
  Using job-store 'org.quartz.simpl.RAMJobStore' - which does not support persistence. and is not clustered.

2023-11-30 13:42:00.050  INFO 14820 --- [main] org.quartz.impl.StdSchedulerFactory      : Quartz scheduler 'quartzScheduler' initialized from an externally provided properties instance.
2023-11-30 13:42:00.050  INFO 14820 --- [main] org.quartz.impl.StdSchedulerFactory      : Quartz scheduler version: 2.3.2
2023-11-30 13:42:00.050  INFO 14820 --- [main] org.quartz.core.QuartzScheduler          : JobFactory set to: org.springframework.scheduling.quartz.SpringBeanJobFactory@574218f
2023-11-30 13:42:00.115  INFO 14820 --- [main] o.s.b.w.embedded.tomcat.TomcatWebServer  : Tomcat started on port(s): 8090 (http) with context path ''
2023-11-30 13:42:00.116  INFO 14820 --- [main] d.s.w.p.DocumentationPluginsBootstrapper : Context refreshed
2023-11-30 13:42:00.125  INFO 14820 --- [main] d.s.w.p.DocumentationPluginsBootstrapper : Found 1 custom documentation plugin(s)
2023-11-30 13:42:00.147  INFO 14820 --- [main] s.d.s.w.s.ApiListingReferenceScanner     : Scanning for api listing references
2023-11-30 13:42:00.231  INFO 14820 --- [main] .d.s.w.r.o.CachingOperationNameGenerator : Generating unique operation named: downloadByHutoolUsingGET_1
2023-11-30 13:42:00.270  INFO 14820 --- [main] .d.s.w.r.o.CachingOperationNameGenerator : Generating unique operation named: adduserUsingPOST_1
2023-11-30 13:42:00.334  INFO 14820 --- [main] o.s.s.quartz.SchedulerFactoryBean        : Starting Quartz Scheduler now
2023-11-30 13:42:00.334  INFO 14820 --- [main] org.quartz.core.QuartzScheduler          : Scheduler quartzScheduler_$_NON_CLUSTERED started.
2023-11-30 13:42:00.344  INFO 14820 --- [main] com.moehu.back.BackApplication           : Started BackApplication in 2.705 seconds (JVM running for 4.004)
2023-11-30 13:44:34.622  INFO 14820 --- [http-nio-8090-exec-1] o.a.c.c.C.[Tomcat].[localhost].[/]       : Initializing Spring DispatcherServlet 'dispatcherServlet'
2023-11-30 13:44:34.623  INFO 14820 --- [http-nio-8090-exec-1] o.s.web.servlet.DispatcherServlet        : Initializing Servlet 'dispatcherServlet'
2023-11-30 13:44:34.624  INFO 14820 --- [http-nio-8090-exec-1] o.s.web.servlet.DispatcherServlet        : Completed initialization in 1 ms
2023-11-30 13:44:34.655  INFO 14820 --- [http-nio-8090-exec-1] com.moehu.back.config.WebLogAspect       : ========================================== Start ==========================================
2023-11-30 13:44:34.655  INFO 14820 --- [http-nio-8090-exec-1] com.moehu.back.config.WebLogAspect       : 接口地址：      : http://127.0.0.1:8090/app/user/getalluser
2023-11-30 13:44:34.656  INFO 14820 --- [http-nio-8090-exec-1] com.moehu.back.config.WebLogAspect       : 来源 IP：        : 127.0.0.1
2023-11-30 13:44:34.656  INFO 14820 --- [http-nio-8090-exec-1] com.moehu.back.config.WebLogAspect       : 请求方法：      : POST
2023-11-30 13:44:34.658  INFO 14820 --- [http-nio-8090-exec-1] com.moehu.back.config.WebLogAspect       : 请求入参     : []
2023-11-30 13:44:34.658  INFO 14820 --- [http-nio-8090-exec-1] com.moehu.back.config.WebLogAspect       : token 头：        : 
2023-11-30 13:44:34.659  INFO 14820 --- [http-nio-8090-exec-1] com.moehu.back.config.WebLogAspect       : 控制器：   : com.moehu.back.controller.app.UserController.getalluser
2023-11-30 13:44:34.680  INFO 14820 --- [http-nio-8090-exec-1] com.zaxxer.hikari.HikariDataSource       : HikariPool-1 - Starting...
2023-11-30 13:44:34.838  INFO 14820 --- [http-nio-8090-exec-1] com.zaxxer.hikari.HikariDataSource       : HikariPool-1 - Start completed.
2023-11-30 13:44:34.909  INFO 14820 --- [http-nio-8090-exec-1] com.moehu.back.config.WebLogAspect       : 响应参数  : {"code":200,"data":[{"user_id":101,"dept_id":10002,"dept_name":"文艺部","login_name":"123123","user_name":"lys","user_type":"00","email":"2803042223@qq.com","phonenumber":"18056794702","sex":"男","age":30,"avatar":"","password":"123123","status":0,"del_flag":0,"login_ip":"","create_by":"","create_time":"Mar 23, 2023, 3:48:50 PM","xl":"本科","work":"开发123","work_age":0.0,"gz":5000.0},{"user_id":102,"dept_id":10001,"dept_name":"组织部","login_name":"123123","user_name":"用户102","user_type":"00","email":"2803042223@qq.com","phonenumber":"18056794701","sex":"男","age":30,"avatar":"","password":"123123","status":0,"del_flag":0,"login_ip":"","create_by":"","create_time":"Mar 23, 2023, 3:48:50 PM","xl":"硕士","work":"开发123","work_age":0.0,"gz":5000.0},{"user_id":1,"dept_id":10000,"dept_name":"办公室","login_name":"admin","user_name":"管理员","user_type":"11","email":"ry@163.com","phonenumber":"15888888888","sex":"男","age":25,"avatar":"","password":"123123","status":0,"del_flag":0,"login_ip":"127.0.0.1","login_date":"Feb 17, 2023, 10:37:01 AM","pwd_update_date":"Feb 17, 2023, 10:37:01 AM","create_by":"admin","create_time":"Feb 17, 2023, 10:37:01 AM","work_age":0.0,"gz":6000.0}]}
2023-11-30 13:44:34.910  INFO 14820 --- [http-nio-8090-exec-1] com.moehu.back.config.WebLogAspect       : 请求耗时         : 255 ms
2023-11-30 13:44:34.910  INFO 14820 --- [http-nio-8090-exec-1] com.moehu.back.config.WebLogAspect       : =========================================== End ===========================================
2023-11-30 13:44:46.583  INFO 14820 --- [http-nio-8090-exec-3] com.moehu.back.config.WebLogAspect       : ========================================== Start ==========================================
2023-11-30 13:44:46.584  INFO 14820 --- [http-nio-8090-exec-3] com.moehu.back.config.WebLogAspect       : 接口地址：      : http://127.0.0.1:8090/app/user/getalldept
2023-11-30 13:44:46.584  INFO 14820 --- [http-nio-8090-exec-3] com.moehu.back.config.WebLogAspect       : 来源 IP：        : 127.0.0.1
2023-11-30 13:44:46.584  INFO 14820 --- [http-nio-8090-exec-3] com.moehu.back.config.WebLogAspect       : 请求方法：      : POST
2023-11-30 13:44:46.584  INFO 14820 --- [http-nio-8090-exec-3] com.moehu.back.config.WebLogAspect       : 请求入参     : []
2023-11-30 13:44:46.584  INFO 14820 --- [http-nio-8090-exec-3] com.moehu.back.config.WebLogAspect       : token 头：        : 
2023-11-30 13:44:46.584  INFO 14820 --- [http-nio-8090-exec-3] com.moehu.back.config.WebLogAspect       : 控制器：   : com.moehu.back.controller.app.UserController.getalldept
2023-11-30 13:44:46.589  INFO 14820 --- [http-nio-8090-exec-3] com.moehu.back.config.WebLogAspect       : 响应参数  : {"code":200,"data":[{"dept_id":10002,"dept_name":"文艺部","leader":"dux03","phone":"18056794705","email":"456@qq.com","del_flag":0,"create_by":"","create_time":"Mar 23, 2023, 2:08:00 PM"},{"dept_id":10001,"dept_name":"组织部","leader":"kf","phone":"18056794711","email":"123@qq.com","del_flag":0,"create_by":"","create_time":"Mar 23, 2023, 2:07:13 PM"},{"dept_id":10000,"dept_name":"办公室","leader":"cww","phone":"18056794700","email":"2803042223@qq.com","del_flag":0,"create_by":"","create_time":"Mar 23, 2023, 2:06:15 PM"}]}
2023-11-30 13:44:46.589  INFO 14820 --- [http-nio-8090-exec-3] com.moehu.back.config.WebLogAspect       : 请求耗时         : 6 ms
2023-11-30 13:44:46.589  INFO 14820 --- [http-nio-8090-exec-3] com.moehu.back.config.WebLogAspect       : =========================================== End ===========================================
2023-11-30 13:44:48.570  INFO 14820 --- [http-nio-8090-exec-6] c.m.b.i.AuthenticationInterceptor        : user ======= null
2023-11-30 13:44:48.588  INFO 14820 --- [http-nio-8090-exec-6] com.moehu.back.config.WebLogAspect       : ========================================== Start ==========================================
2023-11-30 13:44:48.588  INFO 14820 --- [http-nio-8090-exec-6] com.moehu.back.config.WebLogAspect       : 接口地址：      : http://127.0.0.1:8090/app/dzgw/getallgw
2023-11-30 13:44:48.588  INFO 14820 --- [http-nio-8090-exec-6] com.moehu.back.config.WebLogAspect       : 来源 IP：        : 127.0.0.1
2023-11-30 13:44:48.589  INFO 14820 --- [http-nio-8090-exec-6] com.moehu.back.config.WebLogAspect       : 请求方法：      : POST
2023-11-30 13:44:48.589  INFO 14820 --- [http-nio-8090-exec-6] com.moehu.back.config.WebLogAspect       : 请求入参     : []
2023-11-30 13:44:48.589  INFO 14820 --- [http-nio-8090-exec-6] com.moehu.back.config.WebLogAspect       : token 头：        : eyJ0eXAiOiJKV1QiLCJhbGciOiJIUzI1NiJ9.eyJhdWQiOiIxMDIiLCJleHAiOjE3MzI3MDc1MzQsImlhdCI6MTcwMTE3MTUzNH0.Fz5vOloQs9C1rdtOwKKR6Id4UsICnamcBPuvAkXUC0Y
2023-11-30 13:44:48.589  INFO 14820 --- [http-nio-8090-exec-6] com.moehu.back.config.WebLogAspect       : 控制器：   : com.moehu.back.controller.app.GWController.getallgw
2023-11-30 13:44:49.094  INFO 14820 --- [http-nio-8090-exec-6] com.moehu.back.config.WebLogAspect       : 响应参数  : {"code":200,"data":[{"id":25,"gwbz":"111","gwurl":"\u003cp\u003e223\u003c/p\u003e\n","re_name":"用户102","send_dept":"文艺部","re_dept":"组织部","re_user":102,"user_id":101,"file_id":"9793996944d4444f8b9fd6d829b1ec11","create_time":"2023-11-29 15:23:58","status":1,"del_flag":0}]}
2023-11-30 13:44:49.094  INFO 14820 --- [http-nio-8090-exec-6] com.moehu.back.config.WebLogAspect       : 请求耗时         : 506 ms
2023-11-30 13:44:49.095  INFO 14820 --- [http-nio-8090-exec-6] com.moehu.back.config.WebLogAspect       : =========================================== End ===========================================
2023-11-30 13:44:51.755  INFO 14820 --- [http-nio-8090-exec-7] com.moehu.back.config.WebLogAspect       : ========================================== Start ==========================================
2023-11-30 13:44:51.755  INFO 14820 --- [http-nio-8090-exec-7] com.moehu.back.config.WebLogAspect       : 接口地址：      : http://127.0.0.1:8090/app/user/getalldept
2023-11-30 13:44:51.755  INFO 14820 --- [http-nio-8090-exec-7] com.moehu.back.config.WebLogAspect       : 来源 IP：        : 127.0.0.1
2023-11-30 13:44:51.756  INFO 14820 --- [http-nio-8090-exec-7] com.moehu.back.config.WebLogAspect       : 请求方法：      : POST
2023-11-30 13:44:51.756  INFO 14820 --- [http-nio-8090-exec-7] com.moehu.back.config.WebLogAspect       : 请求入参     : []
2023-11-30 13:44:51.756  INFO 14820 --- [http-nio-8090-exec-7] com.moehu.back.config.WebLogAspect       : token 头：        : 
2023-11-30 13:44:51.756  INFO 14820 --- [http-nio-8090-exec-7] com.moehu.back.config.WebLogAspect       : 控制器：   : com.moehu.back.controller.app.UserController.getalldept
2023-11-30 13:44:51.760  INFO 14820 --- [http-nio-8090-exec-7] com.moehu.back.config.WebLogAspect       : 响应参数  : {"code":200,"data":[{"dept_id":10002,"dept_name":"文艺部","leader":"dux03","phone":"18056794705","email":"456@qq.com","del_flag":0,"create_by":"","create_time":"Mar 23, 2023, 2:08:00 PM"},{"dept_id":10001,"dept_name":"组织部","leader":"kf","phone":"18056794711","email":"123@qq.com","del_flag":0,"create_by":"","create_time":"Mar 23, 2023, 2:07:13 PM"},{"dept_id":10000,"dept_name":"办公室","leader":"cww","phone":"18056794700","email":"2803042223@qq.com","del_flag":0,"create_by":"","create_time":"Mar 23, 2023, 2:06:15 PM"}]}
2023-11-30 13:44:51.760  INFO 14820 --- [http-nio-8090-exec-7] com.moehu.back.config.WebLogAspect       : 请求耗时         : 5 ms
2023-11-30 13:44:51.760  INFO 14820 --- [http-nio-8090-exec-7] com.moehu.back.config.WebLogAspect       : =========================================== End ===========================================
2023-11-30 13:44:52.213  INFO 14820 --- [http-nio-8090-exec-8] com.moehu.back.config.WebLogAspect       : ========================================== Start ==========================================
2023-11-30 13:44:52.213  INFO 14820 --- [http-nio-8090-exec-8] com.moehu.back.config.WebLogAspect       : 接口地址：      : http://127.0.0.1:8090/app/user/getalldept
2023-11-30 13:44:52.213  INFO 14820 --- [http-nio-8090-exec-8] com.moehu.back.config.WebLogAspect       : 来源 IP：        : 127.0.0.1
2023-11-30 13:44:52.214  INFO 14820 --- [http-nio-8090-exec-8] com.moehu.back.config.WebLogAspect       : 请求方法：      : POST
2023-11-30 13:44:52.214  INFO 14820 --- [http-nio-8090-exec-8] com.moehu.back.config.WebLogAspect       : 请求入参     : []
2023-11-30 13:44:52.214  INFO 14820 --- [http-nio-8090-exec-8] com.moehu.back.config.WebLogAspect       : token 头：        : 
2023-11-30 13:44:52.214  INFO 14820 --- [http-nio-8090-exec-8] com.moehu.back.config.WebLogAspect       : 控制器：   : com.moehu.back.controller.app.UserController.getalldept
2023-11-30 13:44:52.217  INFO 14820 --- [http-nio-8090-exec-8] com.moehu.back.config.WebLogAspect       : 响应参数  : {"code":200,"data":[{"dept_id":10002,"dept_name":"文艺部","leader":"dux03","phone":"18056794705","email":"456@qq.com","del_flag":0,"create_by":"","create_time":"Mar 23, 2023, 2:08:00 PM"},{"dept_id":10001,"dept_name":"组织部","leader":"kf","phone":"18056794711","email":"123@qq.com","del_flag":0,"create_by":"","create_time":"Mar 23, 2023, 2:07:13 PM"},{"dept_id":10000,"dept_name":"办公室","leader":"cww","phone":"18056794700","email":"2803042223@qq.com","del_flag":0,"create_by":"","create_time":"Mar 23, 2023, 2:06:15 PM"}]}
2023-11-30 13:44:52.218  INFO 14820 --- [http-nio-8090-exec-8] com.moehu.back.config.WebLogAspect       : 请求耗时         : 5 ms
2023-11-30 13:44:52.218  INFO 14820 --- [http-nio-8090-exec-8] com.moehu.back.config.WebLogAspect       : =========================================== End ===========================================
2023-11-30 13:44:52.768  INFO 14820 --- [http-nio-8090-exec-9] com.moehu.back.config.WebLogAspect       : ========================================== Start ==========================================
2023-11-30 13:44:52.768  INFO 14820 --- [http-nio-8090-exec-9] com.moehu.back.config.WebLogAspect       : 接口地址：      : http://127.0.0.1:8090/app/user/getalldept
2023-11-30 13:44:52.768  INFO 14820 --- [http-nio-8090-exec-9] com.moehu.back.config.WebLogAspect       : 来源 IP：        : 127.0.0.1
2023-11-30 13:44:52.768  INFO 14820 --- [http-nio-8090-exec-9] com.moehu.back.config.WebLogAspect       : 请求方法：      : POST
2023-11-30 13:44:52.768  INFO 14820 --- [http-nio-8090-exec-9] com.moehu.back.config.WebLogAspect       : 请求入参     : []
2023-11-30 13:44:52.768  INFO 14820 --- [http-nio-8090-exec-9] com.moehu.back.config.WebLogAspect       : token 头：        : 
2023-11-30 13:44:52.769  INFO 14820 --- [http-nio-8090-exec-9] com.moehu.back.config.WebLogAspect       : 控制器：   : com.moehu.back.controller.app.UserController.getalldept
2023-11-30 13:44:52.774  INFO 14820 --- [http-nio-8090-exec-9] com.moehu.back.config.WebLogAspect       : 响应参数  : {"code":200,"data":[{"dept_id":10002,"dept_name":"文艺部","leader":"dux03","phone":"18056794705","email":"456@qq.com","del_flag":0,"create_by":"","create_time":"Mar 23, 2023, 2:08:00 PM"},{"dept_id":10001,"dept_name":"组织部","leader":"kf","phone":"18056794711","email":"123@qq.com","del_flag":0,"create_by":"","create_time":"Mar 23, 2023, 2:07:13 PM"},{"dept_id":10000,"dept_name":"办公室","leader":"cww","phone":"18056794700","email":"2803042223@qq.com","del_flag":0,"create_by":"","create_time":"Mar 23, 2023, 2:06:15 PM"}]}
2023-11-30 13:44:52.774  INFO 14820 --- [http-nio-8090-exec-9] com.moehu.back.config.WebLogAspect       : 请求耗时         : 6 ms
2023-11-30 13:44:52.774  INFO 14820 --- [http-nio-8090-exec-9] com.moehu.back.config.WebLogAspect       : =========================================== End ===========================================
2023-11-30 13:44:55.208  INFO 14820 --- [http-nio-8090-exec-10] com.moehu.back.config.WebLogAspect       : ========================================== Start ==========================================
2023-11-30 13:44:55.208  INFO 14820 --- [http-nio-8090-exec-10] com.moehu.back.config.WebLogAspect       : 接口地址：      : http://127.0.0.1:8090/app/user/getalldept
2023-11-30 13:44:55.208  INFO 14820 --- [http-nio-8090-exec-10] com.moehu.back.config.WebLogAspect       : 来源 IP：        : 127.0.0.1
2023-11-30 13:44:55.208  INFO 14820 --- [http-nio-8090-exec-10] com.moehu.back.config.WebLogAspect       : 请求方法：      : POST
2023-11-30 13:44:55.209  INFO 14820 --- [http-nio-8090-exec-10] com.moehu.back.config.WebLogAspect       : 请求入参     : []
2023-11-30 13:44:55.209  INFO 14820 --- [http-nio-8090-exec-10] com.moehu.back.config.WebLogAspect       : token 头：        : 
2023-11-30 13:44:55.209  INFO 14820 --- [http-nio-8090-exec-10] com.moehu.back.config.WebLogAspect       : 控制器：   : com.moehu.back.controller.app.UserController.getalldept
2023-11-30 13:44:55.212  INFO 14820 --- [http-nio-8090-exec-10] com.moehu.back.config.WebLogAspect       : 响应参数  : {"code":200,"data":[{"dept_id":10002,"dept_name":"文艺部","leader":"dux03","phone":"18056794705","email":"456@qq.com","del_flag":0,"create_by":"","create_time":"Mar 23, 2023, 2:08:00 PM"},{"dept_id":10001,"dept_name":"组织部","leader":"kf","phone":"18056794711","email":"123@qq.com","del_flag":0,"create_by":"","create_time":"Mar 23, 2023, 2:07:13 PM"},{"dept_id":10000,"dept_name":"办公室","leader":"cww","phone":"18056794700","email":"2803042223@qq.com","del_flag":0,"create_by":"","create_time":"Mar 23, 2023, 2:06:15 PM"}]}
2023-11-30 13:44:55.213  INFO 14820 --- [http-nio-8090-exec-10] com.moehu.back.config.WebLogAspect       : 请求耗时         : 5 ms
2023-11-30 13:44:55.213  INFO 14820 --- [http-nio-8090-exec-10] com.moehu.back.config.WebLogAspect       : =========================================== End ===========================================
2023-11-30 13:44:56.098  INFO 14820 --- [http-nio-8090-exec-1] com.moehu.back.config.WebLogAspect       : ========================================== Start ==========================================
2023-11-30 13:44:56.098  INFO 14820 --- [http-nio-8090-exec-1] com.moehu.back.config.WebLogAspect       : 接口地址：      : http://127.0.0.1:8090/app/user/getalldept
2023-11-30 13:44:56.098  INFO 14820 --- [http-nio-8090-exec-1] com.moehu.back.config.WebLogAspect       : 来源 IP：        : 127.0.0.1
2023-11-30 13:44:56.098  INFO 14820 --- [http-nio-8090-exec-1] com.moehu.back.config.WebLogAspect       : 请求方法：      : POST
2023-11-30 13:44:56.099  INFO 14820 --- [http-nio-8090-exec-1] com.moehu.back.config.WebLogAspect       : 请求入参     : []
2023-11-30 13:44:56.099  INFO 14820 --- [http-nio-8090-exec-1] com.moehu.back.config.WebLogAspect       : token 头：        : 
2023-11-30 13:44:56.099  INFO 14820 --- [http-nio-8090-exec-1] com.moehu.back.config.WebLogAspect       : 控制器：   : com.moehu.back.controller.app.UserController.getalldept
2023-11-30 13:44:56.104  INFO 14820 --- [http-nio-8090-exec-1] com.moehu.back.config.WebLogAspect       : 响应参数  : {"code":200,"data":[{"dept_id":10002,"dept_name":"文艺部","leader":"dux03","phone":"18056794705","email":"456@qq.com","del_flag":0,"create_by":"","create_time":"Mar 23, 2023, 2:08:00 PM"},{"dept_id":10001,"dept_name":"组织部","leader":"kf","phone":"18056794711","email":"123@qq.com","del_flag":0,"create_by":"","create_time":"Mar 23, 2023, 2:07:13 PM"},{"dept_id":10000,"dept_name":"办公室","leader":"cww","phone":"18056794700","email":"2803042223@qq.com","del_flag":0,"create_by":"","create_time":"Mar 23, 2023, 2:06:15 PM"}]}
2023-11-30 13:44:56.104  INFO 14820 --- [http-nio-8090-exec-1] com.moehu.back.config.WebLogAspect       : 请求耗时         : 6 ms
2023-11-30 13:44:56.105  INFO 14820 --- [http-nio-8090-exec-1] com.moehu.back.config.WebLogAspect       : =========================================== End ===========================================
2023-11-30 13:48:45.794  INFO 14820 --- [SpringContextShutdownHook] org.quartz.core.QuartzScheduler          : Scheduler quartzScheduler_$_NON_CLUSTERED paused.
2023-11-30 13:48:46.621  INFO 14820 --- [SpringContextShutdownHook] o.s.s.quartz.SchedulerFactoryBean        : Shutting down Quartz Scheduler
2023-11-30 13:48:46.621  INFO 14820 --- [SpringContextShutdownHook] org.quartz.core.QuartzScheduler          : Scheduler quartzScheduler_$_NON_CLUSTERED shutting down.
2023-11-30 13:48:46.622  INFO 14820 --- [SpringContextShutdownHook] org.quartz.core.QuartzScheduler          : Scheduler quartzScheduler_$_NON_CLUSTERED paused.
2023-11-30 13:48:46.622  INFO 14820 --- [SpringContextShutdownHook] org.quartz.core.QuartzScheduler          : Scheduler quartzScheduler_$_NON_CLUSTERED shutdown complete.
2023-11-30 13:48:46.623  INFO 14820 --- [SpringContextShutdownHook] o.s.s.concurrent.ThreadPoolTaskExecutor  : Shutting down ExecutorService 'applicationTaskExecutor'
2023-11-30 13:48:46.625  INFO 14820 --- [SpringContextShutdownHook] com.zaxxer.hikari.HikariDataSource       : HikariPool-1 - Shutdown initiated...
2023-11-30 13:48:46.634  INFO 14820 --- [SpringContextShutdownHook] com.zaxxer.hikari.HikariDataSource       : HikariPool-1 - Shutdown completed.
