2023-03-10 08:30:13.827  INFO 31692 --- [main] com.moehu.back.BackApplication           : Starting BackApplication using Java 11 on 三天饿九顿 with PID 31692 (D:\DEMO\moehu-backend\moehu-backend\target\classes started by 28030 in D:\DEMO\moehu-backend\moehu-backend)
2023-03-10 08:30:13.831  INFO 31692 --- [main] com.moehu.back.BackApplication           : The following profiles are active: dev
2023-03-10 08:30:14.693  INFO 31692 --- [main] o.s.b.w.embedded.tomcat.TomcatWebServer  : Tomcat initialized with port(s): 8090 (http)
2023-03-10 08:30:14.699  INFO 31692 --- [main] o.apache.catalina.core.StandardService   : Starting service [Tomcat]
2023-03-10 08:30:14.700  INFO 31692 --- [main] org.apache.catalina.core.StandardEngine  : Starting Servlet engine: [Apache Tomcat/9.0.44]
2023-03-10 08:30:14.701  INFO 31692 --- [main] o.a.catalina.core.AprLifecycleListener   : Loaded Apache Tomcat Native library [1.2.25] using APR version [1.7.0].
2023-03-10 08:30:14.701  INFO 31692 --- [main] o.a.catalina.core.AprLifecycleListener   : APR capabilities: IPv6 [true], sendfile [true], accept filters [false], random [true].
2023-03-10 08:30:14.701  INFO 31692 --- [main] o.a.catalina.core.AprLifecycleListener   : APR/OpenSSL configuration: useAprConnector [false], useOpenSSL [true]
2023-03-10 08:30:14.703  INFO 31692 --- [main] o.a.catalina.core.AprLifecycleListener   : OpenSSL successfully initialized [OpenSSL 1.1.1g  21 Apr 2020]
2023-03-10 08:30:14.768  INFO 31692 --- [main] o.a.c.c.C.[Tomcat].[localhost].[/]       : Initializing Spring embedded WebApplicationContext
2023-03-10 08:30:14.769  INFO 31692 --- [main] w.s.c.ServletWebServerApplicationContext : Root WebApplicationContext: initialization completed in 908 ms
2023-03-10 08:30:15.344  INFO 31692 --- [main] pertySourcedRequestMappingHandlerMapping : Mapped URL path [/v2/api-docs] onto method [springfox.documentation.swagger2.web.Swagger2Controller#getDocumentation(String, HttpServletRequest)]
2023-03-10 08:30:15.409  INFO 31692 --- [main] o.s.s.concurrent.ThreadPoolTaskExecutor  : Initializing ExecutorService 'applicationTaskExecutor'
2023-03-10 08:30:15.578  INFO 31692 --- [main] org.quartz.impl.StdSchedulerFactory      : Using default implementation for ThreadExecutor
2023-03-10 08:30:15.584  INFO 31692 --- [main] org.quartz.core.SchedulerSignalerImpl    : Initialized Scheduler Signaller of type: class org.quartz.core.SchedulerSignalerImpl
2023-03-10 08:30:15.585  INFO 31692 --- [main] org.quartz.core.QuartzScheduler          : Quartz Scheduler v.2.3.2 created.
2023-03-10 08:30:15.585  INFO 31692 --- [main] org.quartz.simpl.RAMJobStore             : RAMJobStore initialized.
2023-03-10 08:30:15.585  INFO 31692 --- [main] org.quartz.core.QuartzScheduler          : Scheduler meta-data: Quartz Scheduler (v2.3.2) 'quartzScheduler' with instanceId 'NON_CLUSTERED'
  Scheduler class: 'org.quartz.core.QuartzScheduler' - running locally.
  NOT STARTED.
  Currently in standby mode.
  Number of jobs executed: 0
  Using thread pool 'org.quartz.simpl.SimpleThreadPool' - with 10 threads.
  Using job-store 'org.quartz.simpl.RAMJobStore' - which does not support persistence. and is not clustered.

2023-03-10 08:30:15.586  INFO 31692 --- [main] org.quartz.impl.StdSchedulerFactory      : Quartz scheduler 'quartzScheduler' initialized from an externally provided properties instance.
2023-03-10 08:30:15.586  INFO 31692 --- [main] org.quartz.impl.StdSchedulerFactory      : Quartz scheduler version: 2.3.2
2023-03-10 08:30:15.586  INFO 31692 --- [main] org.quartz.core.QuartzScheduler          : JobFactory set to: org.springframework.scheduling.quartz.SpringBeanJobFactory@32d1d6c5
2023-03-10 08:30:15.637  INFO 31692 --- [main] o.s.b.w.embedded.tomcat.TomcatWebServer  : Tomcat started on port(s): 8090 (http) with context path ''
2023-03-10 08:30:15.637  INFO 31692 --- [main] d.s.w.p.DocumentationPluginsBootstrapper : Context refreshed
2023-03-10 08:30:15.646  INFO 31692 --- [main] d.s.w.p.DocumentationPluginsBootstrapper : Found 1 custom documentation plugin(s)
2023-03-10 08:30:15.665  INFO 31692 --- [main] s.d.s.w.s.ApiListingReferenceScanner     : Scanning for api listing references
2023-03-10 08:30:15.823  INFO 31692 --- [main] o.s.s.quartz.SchedulerFactoryBean        : Starting Quartz Scheduler now
2023-03-10 08:30:15.823  INFO 31692 --- [main] org.quartz.core.QuartzScheduler          : Scheduler quartzScheduler_$_NON_CLUSTERED started.
2023-03-10 08:30:15.832  INFO 31692 --- [main] com.moehu.back.BackApplication           : Started BackApplication in 2.26 seconds (JVM running for 3.087)
2023-03-10 08:32:26.353  INFO 31692 --- [http-nio-8090-exec-1] o.a.c.c.C.[Tomcat].[localhost].[/]       : Initializing Spring DispatcherServlet 'dispatcherServlet'
2023-03-10 08:32:26.353  INFO 31692 --- [http-nio-8090-exec-1] o.s.web.servlet.DispatcherServlet        : Initializing Servlet 'dispatcherServlet'
2023-03-10 08:32:26.354  INFO 31692 --- [http-nio-8090-exec-1] o.s.web.servlet.DispatcherServlet        : Completed initialization in 1 ms
2023-03-10 08:32:26.402  INFO 31692 --- [http-nio-8090-exec-2] com.moehu.back.config.WebLogAspect       : ========================================== Start ==========================================
2023-03-10 08:32:26.403  INFO 31692 --- [http-nio-8090-exec-2] com.moehu.back.config.WebLogAspect       : 接口地址：      : http://127.0.0.1:8090/app/user1/Login
2023-03-10 08:32:26.403  INFO 31692 --- [http-nio-8090-exec-2] com.moehu.back.config.WebLogAspect       : 来源 IP：        : 127.0.0.1
2023-03-10 08:32:26.403  INFO 31692 --- [http-nio-8090-exec-2] com.moehu.back.config.WebLogAspect       : 请求方法：      : POST
2023-03-10 08:32:26.409  INFO 31692 --- [http-nio-8090-exec-2] com.moehu.back.config.WebLogAspect       : 请求入参     : [{"user_id":0,"class_id":0,"course_id":0,"user_phone":"18056794700","user_pwd":"123123"}]
2023-03-10 08:32:26.410  INFO 31692 --- [http-nio-8090-exec-2] com.moehu.back.config.WebLogAspect       : token 头：        : 
2023-03-10 08:32:26.411  INFO 31692 --- [http-nio-8090-exec-2] com.moehu.back.config.WebLogAspect       : 控制器：   : com.moehu.back.controller.app.UserController.Login
2023-03-10 08:32:26.430  INFO 31692 --- [http-nio-8090-exec-2] com.zaxxer.hikari.HikariDataSource       : HikariPool-1 - Starting...
2023-03-10 08:32:26.551  INFO 31692 --- [http-nio-8090-exec-2] com.zaxxer.hikari.HikariDataSource       : HikariPool-1 - Start completed.
2023-03-10 08:32:26.587  INFO 31692 --- [http-nio-8090-exec-2] c.m.back.service.impl.UserServiceImpl    : userModel.getUser_id() ========== 22
2023-03-10 08:32:26.610  INFO 31692 --- [http-nio-8090-exec-2] com.moehu.back.config.WebLogAspect       : 响应参数  : {"code":200,"data":{"user_info":{"user_id":22,"class_id":10,"course_id":0,"user_phone":"18056794700","user_pwd":"123123","user_email":".@qq.com","user_sex":"通用","user_head_img":"https://moehu02.oss-cn-hangzhou.aliyuncs.com/imger/913aee62bb914ba9af93ffc84a957df1-file.jpeg","user_nickname":"有趣的4700","user_uid":"a9bf69f0eab2492798c1d7b40b7544d6","user_reg_time":"2022-07-04 16:14:14","user_birthday":"","user_autograph":"这个人很懒，什么都没有！","user_type":3},"user_token":"eyJ0eXAiOiJKV1QiLCJhbGciOiJIUzI1NiJ9.eyJhdWQiOiIyMiIsImV4cCI6MTcwOTk0NDM0NiwiaWF0IjoxNjc4NDA4MzQ2fQ.6Mgbjc0ZEE6ztPvpbhW8uprRqj9Z6UQln6fbBzC7Dlw"}}
2023-03-10 08:32:26.610  INFO 31692 --- [http-nio-8090-exec-2] com.moehu.back.config.WebLogAspect       : 请求耗时         : 208 ms
2023-03-10 08:32:26.610  INFO 31692 --- [http-nio-8090-exec-2] com.moehu.back.config.WebLogAspect       : =========================================== End ===========================================
2023-03-10 08:32:26.746  INFO 31692 --- [http-nio-8090-exec-4] com.moehu.back.config.WebLogAspect       : ========================================== Start ==========================================
2023-03-10 08:32:26.746  INFO 31692 --- [http-nio-8090-exec-4] com.moehu.back.config.WebLogAspect       : 接口地址：      : http://127.0.0.1:8090/app/user1/getuserInfo
2023-03-10 08:32:26.746  INFO 31692 --- [http-nio-8090-exec-4] com.moehu.back.config.WebLogAspect       : 来源 IP：        : 127.0.0.1
2023-03-10 08:32:26.746  INFO 31692 --- [http-nio-8090-exec-4] com.moehu.back.config.WebLogAspect       : 请求方法：      : POST
2023-03-10 08:32:26.747  INFO 31692 --- [http-nio-8090-exec-4] com.moehu.back.config.WebLogAspect       : 请求入参     : [{"user_id":22,"class_id":0,"course_id":0}]
2023-03-10 08:32:26.747  INFO 31692 --- [http-nio-8090-exec-4] com.moehu.back.config.WebLogAspect       : token 头：        : 
2023-03-10 08:32:26.747  INFO 31692 --- [http-nio-8090-exec-4] com.moehu.back.config.WebLogAspect       : 控制器：   : com.moehu.back.controller.app.UserController.getuserInfo
2023-03-10 08:32:26.756  INFO 31692 --- [http-nio-8090-exec-4] com.moehu.back.config.WebLogAspect       : 响应参数  : {"code":200,"data":{"course":{"course_id":5,"class_hour":96,"class_id":10,"course_title":"555","course_content":"555","course_remarks":"555","course_time":"2023-03-17 15:55","course_create":"Mar 3, 2023, 11:10:44 AM","course_submit":22},"class":{"class_id":10,"class_num":0,"teacher":"10005,10004","class_name":"明星一班","class_type":1,"class_remarks":"111","class_create":"Mar 3, 2023, 2:13:10 PM","class_submit":22},"userinfo":{"user_id":22,"class_id":10,"course_id":0,"user_phone":"18056794700","user_pwd":"123123","user_email":".@qq.com","user_sex":"通用","user_head_img":"https://moehu02.oss-cn-hangzhou.aliyuncs.com/imger/913aee62bb914ba9af93ffc84a957df1-file.jpeg","user_nickname":"有趣的4700","user_uid":"a9bf69f0eab2492798c1d7b40b7544d6","user_reg_time":"2022-07-04 16:14:14","user_birthday":"","user_autograph":"这个人很懒，什么都没有！","user_type":3}}}
2023-03-10 08:32:26.756  INFO 31692 --- [http-nio-8090-exec-4] com.moehu.back.config.WebLogAspect       : 请求耗时         : 10 ms
2023-03-10 08:32:26.756  INFO 31692 --- [http-nio-8090-exec-4] com.moehu.back.config.WebLogAspect       : =========================================== End ===========================================
2023-03-10 08:32:44.683  INFO 31692 --- [http-nio-8090-exec-6] com.moehu.back.config.WebLogAspect       : ========================================== Start ==========================================
2023-03-10 08:32:44.683  INFO 31692 --- [http-nio-8090-exec-6] com.moehu.back.config.WebLogAspect       : 接口地址：      : http://127.0.0.1:8090/app/user1/Login
2023-03-10 08:32:44.683  INFO 31692 --- [http-nio-8090-exec-6] com.moehu.back.config.WebLogAspect       : 来源 IP：        : 127.0.0.1
2023-03-10 08:32:44.683  INFO 31692 --- [http-nio-8090-exec-6] com.moehu.back.config.WebLogAspect       : 请求方法：      : POST
2023-03-10 08:32:44.684  INFO 31692 --- [http-nio-8090-exec-6] com.moehu.back.config.WebLogAspect       : 请求入参     : [{"user_id":0,"class_id":0,"course_id":0,"user_phone":"18056794700","user_pwd":"123123"}]
2023-03-10 08:32:44.684  INFO 31692 --- [http-nio-8090-exec-6] com.moehu.back.config.WebLogAspect       : token 头：        : 
2023-03-10 08:32:44.684  INFO 31692 --- [http-nio-8090-exec-6] com.moehu.back.config.WebLogAspect       : 控制器：   : com.moehu.back.controller.app.UserController.Login
2023-03-10 08:32:44.686  INFO 31692 --- [http-nio-8090-exec-6] c.m.back.service.impl.UserServiceImpl    : userModel.getUser_id() ========== 22
2023-03-10 08:32:44.688  INFO 31692 --- [http-nio-8090-exec-6] com.moehu.back.config.WebLogAspect       : 响应参数  : {"code":200,"data":{"user_info":{"user_id":22,"class_id":10,"course_id":0,"user_phone":"18056794700","user_pwd":"123123","user_email":".@qq.com","user_sex":"通用","user_head_img":"https://moehu02.oss-cn-hangzhou.aliyuncs.com/imger/913aee62bb914ba9af93ffc84a957df1-file.jpeg","user_nickname":"有趣的4700","user_uid":"a9bf69f0eab2492798c1d7b40b7544d6","user_reg_time":"2022-07-04 16:14:14","user_birthday":"","user_autograph":"这个人很懒，什么都没有！","user_type":3},"user_token":"eyJ0eXAiOiJKV1QiLCJhbGciOiJIUzI1NiJ9.eyJhdWQiOiIyMiIsImV4cCI6MTcwOTk0NDM2NCwiaWF0IjoxNjc4NDA4MzY0fQ.g4k54sCcq-Y47CmYjL--1HLpvToYFbSCbdjU_eSDmgQ"}}
2023-03-10 08:32:44.688  INFO 31692 --- [http-nio-8090-exec-6] com.moehu.back.config.WebLogAspect       : 请求耗时         : 5 ms
2023-03-10 08:32:44.688  INFO 31692 --- [http-nio-8090-exec-6] com.moehu.back.config.WebLogAspect       : =========================================== End ===========================================
2023-03-10 08:32:45.025  INFO 31692 --- [http-nio-8090-exec-8] com.moehu.back.config.WebLogAspect       : ========================================== Start ==========================================
2023-03-10 08:32:45.025  INFO 31692 --- [http-nio-8090-exec-8] com.moehu.back.config.WebLogAspect       : 接口地址：      : http://127.0.0.1:8090/app/user1/getuserInfo
2023-03-10 08:32:45.025  INFO 31692 --- [http-nio-8090-exec-8] com.moehu.back.config.WebLogAspect       : 来源 IP：        : 127.0.0.1
2023-03-10 08:32:45.025  INFO 31692 --- [http-nio-8090-exec-8] com.moehu.back.config.WebLogAspect       : 请求方法：      : POST
2023-03-10 08:32:45.026  INFO 31692 --- [http-nio-8090-exec-8] com.moehu.back.config.WebLogAspect       : 请求入参     : [{"user_id":22,"class_id":0,"course_id":0}]
2023-03-10 08:32:45.026  INFO 31692 --- [http-nio-8090-exec-8] com.moehu.back.config.WebLogAspect       : token 头：        : 
2023-03-10 08:32:45.026  INFO 31692 --- [http-nio-8090-exec-8] com.moehu.back.config.WebLogAspect       : 控制器：   : com.moehu.back.controller.app.UserController.getuserInfo
2023-03-10 08:32:45.032  INFO 31692 --- [http-nio-8090-exec-8] com.moehu.back.config.WebLogAspect       : 响应参数  : {"code":200,"data":{"course":{"course_id":5,"class_hour":96,"class_id":10,"course_title":"555","course_content":"555","course_remarks":"555","course_time":"2023-03-17 15:55","course_create":"Mar 3, 2023, 11:10:44 AM","course_submit":22},"class":{"class_id":10,"class_num":0,"teacher":"10005,10004","class_name":"明星一班","class_type":1,"class_remarks":"111","class_create":"Mar 3, 2023, 2:13:10 PM","class_submit":22},"userinfo":{"user_id":22,"class_id":10,"course_id":0,"user_phone":"18056794700","user_pwd":"123123","user_email":".@qq.com","user_sex":"通用","user_head_img":"https://moehu02.oss-cn-hangzhou.aliyuncs.com/imger/913aee62bb914ba9af93ffc84a957df1-file.jpeg","user_nickname":"有趣的4700","user_uid":"a9bf69f0eab2492798c1d7b40b7544d6","user_reg_time":"2022-07-04 16:14:14","user_birthday":"","user_autograph":"这个人很懒，什么都没有！","user_type":3}}}
2023-03-10 08:32:45.032  INFO 31692 --- [http-nio-8090-exec-8] com.moehu.back.config.WebLogAspect       : 请求耗时         : 7 ms
2023-03-10 08:32:45.032  INFO 31692 --- [http-nio-8090-exec-8] com.moehu.back.config.WebLogAspect       : =========================================== End ===========================================
2023-03-10 08:34:01.546  INFO 31692 --- [http-nio-8090-exec-1] com.moehu.back.config.WebLogAspect       : ========================================== Start ==========================================
2023-03-10 08:34:01.546  INFO 31692 --- [http-nio-8090-exec-1] com.moehu.back.config.WebLogAspect       : 接口地址：      : http://127.0.0.1:8090/app/user1/Login
2023-03-10 08:34:01.547  INFO 31692 --- [http-nio-8090-exec-1] com.moehu.back.config.WebLogAspect       : 来源 IP：        : 127.0.0.1
2023-03-10 08:34:01.547  INFO 31692 --- [http-nio-8090-exec-1] com.moehu.back.config.WebLogAspect       : 请求方法：      : POST
2023-03-10 08:34:01.547  INFO 31692 --- [http-nio-8090-exec-1] com.moehu.back.config.WebLogAspect       : 请求入参     : [{"user_id":0,"class_id":0,"course_id":0,"user_phone":"18056794700","user_pwd":"123123"}]
2023-03-10 08:34:01.547  INFO 31692 --- [http-nio-8090-exec-1] com.moehu.back.config.WebLogAspect       : token 头：        : 
2023-03-10 08:34:01.547  INFO 31692 --- [http-nio-8090-exec-1] com.moehu.back.config.WebLogAspect       : 控制器：   : com.moehu.back.controller.app.UserController.Login
2023-03-10 08:34:01.549  INFO 31692 --- [http-nio-8090-exec-1] c.m.back.service.impl.UserServiceImpl    : userModel.getUser_id() ========== 22
2023-03-10 08:34:01.551  INFO 31692 --- [http-nio-8090-exec-1] com.moehu.back.config.WebLogAspect       : 响应参数  : {"code":200,"data":{"user_info":{"user_id":22,"class_id":10,"course_id":0,"user_phone":"18056794700","user_pwd":"123123","user_email":".@qq.com","user_sex":"通用","user_head_img":"https://moehu02.oss-cn-hangzhou.aliyuncs.com/imger/913aee62bb914ba9af93ffc84a957df1-file.jpeg","user_nickname":"有趣的4700","user_uid":"a9bf69f0eab2492798c1d7b40b7544d6","user_reg_time":"2022-07-04 16:14:14","user_birthday":"","user_autograph":"这个人很懒，什么都没有！","user_type":0},"user_token":"eyJ0eXAiOiJKV1QiLCJhbGciOiJIUzI1NiJ9.eyJhdWQiOiIyMiIsImV4cCI6MTcwOTk0NDQ0MSwiaWF0IjoxNjc4NDA4NDQxfQ.ZH_yDIAWp4mf-1E4nmHQPRLJV5c-vVetNFVil4HVXTI"}}
2023-03-10 08:34:01.551  INFO 31692 --- [http-nio-8090-exec-1] com.moehu.back.config.WebLogAspect       : 请求耗时         : 5 ms
2023-03-10 08:34:01.551  INFO 31692 --- [http-nio-8090-exec-1] com.moehu.back.config.WebLogAspect       : =========================================== End ===========================================
2023-03-10 08:34:01.729  INFO 31692 --- [http-nio-8090-exec-3] com.moehu.back.config.WebLogAspect       : ========================================== Start ==========================================
2023-03-10 08:34:01.729  INFO 31692 --- [http-nio-8090-exec-3] com.moehu.back.config.WebLogAspect       : 接口地址：      : http://127.0.0.1:8090/app/user1/getuserInfo
2023-03-10 08:34:01.729  INFO 31692 --- [http-nio-8090-exec-3] com.moehu.back.config.WebLogAspect       : 来源 IP：        : 127.0.0.1
2023-03-10 08:34:01.729  INFO 31692 --- [http-nio-8090-exec-3] com.moehu.back.config.WebLogAspect       : 请求方法：      : POST
2023-03-10 08:34:01.729  INFO 31692 --- [http-nio-8090-exec-3] com.moehu.back.config.WebLogAspect       : 请求入参     : [{"user_id":22,"class_id":0,"course_id":0}]
2023-03-10 08:34:01.729  INFO 31692 --- [http-nio-8090-exec-3] com.moehu.back.config.WebLogAspect       : token 头：        : 
2023-03-10 08:34:01.729  INFO 31692 --- [http-nio-8090-exec-3] com.moehu.back.config.WebLogAspect       : 控制器：   : com.moehu.back.controller.app.UserController.getuserInfo
2023-03-10 08:34:01.734  INFO 31692 --- [http-nio-8090-exec-3] com.moehu.back.config.WebLogAspect       : 响应参数  : {"code":200,"data":{"course":{"course_id":5,"class_hour":96,"class_id":10,"course_title":"555","course_content":"555","course_remarks":"555","course_time":"2023-03-17 15:55","course_create":"Mar 3, 2023, 11:10:44 AM","course_submit":22},"class":{"class_id":10,"class_num":0,"teacher":"10005,10004","class_name":"明星一班","class_type":1,"class_remarks":"111","class_create":"Mar 3, 2023, 2:13:10 PM","class_submit":22},"userinfo":{"user_id":22,"class_id":10,"course_id":0,"user_phone":"18056794700","user_pwd":"123123","user_email":".@qq.com","user_sex":"通用","user_head_img":"https://moehu02.oss-cn-hangzhou.aliyuncs.com/imger/913aee62bb914ba9af93ffc84a957df1-file.jpeg","user_nickname":"有趣的4700","user_uid":"a9bf69f0eab2492798c1d7b40b7544d6","user_reg_time":"2022-07-04 16:14:14","user_birthday":"","user_autograph":"这个人很懒，什么都没有！","user_type":0}}}
2023-03-10 08:34:01.735  INFO 31692 --- [http-nio-8090-exec-3] com.moehu.back.config.WebLogAspect       : 请求耗时         : 6 ms
2023-03-10 08:34:01.735  INFO 31692 --- [http-nio-8090-exec-3] com.moehu.back.config.WebLogAspect       : =========================================== End ===========================================
2023-03-10 08:34:19.290  INFO 31692 --- [http-nio-8090-exec-5] com.moehu.back.config.WebLogAspect       : ========================================== Start ==========================================
2023-03-10 08:34:19.290  INFO 31692 --- [http-nio-8090-exec-5] com.moehu.back.config.WebLogAspect       : 接口地址：      : http://127.0.0.1:8090/app/user1/Login
2023-03-10 08:34:19.290  INFO 31692 --- [http-nio-8090-exec-5] com.moehu.back.config.WebLogAspect       : 来源 IP：        : 127.0.0.1
2023-03-10 08:34:19.290  INFO 31692 --- [http-nio-8090-exec-5] com.moehu.back.config.WebLogAspect       : 请求方法：      : POST
2023-03-10 08:34:19.291  INFO 31692 --- [http-nio-8090-exec-5] com.moehu.back.config.WebLogAspect       : 请求入参     : [{"user_id":0,"class_id":0,"course_id":0,"user_phone":"18056794700","user_pwd":"123123"}]
2023-03-10 08:34:19.291  INFO 31692 --- [http-nio-8090-exec-5] com.moehu.back.config.WebLogAspect       : token 头：        : 
2023-03-10 08:34:19.291  INFO 31692 --- [http-nio-8090-exec-5] com.moehu.back.config.WebLogAspect       : 控制器：   : com.moehu.back.controller.app.UserController.Login
2023-03-10 08:34:19.293  INFO 31692 --- [http-nio-8090-exec-5] c.m.back.service.impl.UserServiceImpl    : userModel.getUser_id() ========== 22
2023-03-10 08:34:19.294  INFO 31692 --- [http-nio-8090-exec-5] com.moehu.back.config.WebLogAspect       : 响应参数  : {"code":200,"data":{"user_info":{"user_id":22,"class_id":10,"course_id":0,"user_phone":"18056794700","user_pwd":"123123","user_email":".@qq.com","user_sex":"通用","user_head_img":"https://moehu02.oss-cn-hangzhou.aliyuncs.com/imger/913aee62bb914ba9af93ffc84a957df1-file.jpeg","user_nickname":"有趣的4700","user_uid":"a9bf69f0eab2492798c1d7b40b7544d6","user_reg_time":"2022-07-04 16:14:14","user_birthday":"","user_autograph":"这个人很懒，什么都没有！","user_type":0},"user_token":"eyJ0eXAiOiJKV1QiLCJhbGciOiJIUzI1NiJ9.eyJhdWQiOiIyMiIsImV4cCI6MTcwOTk0NDQ1OSwiaWF0IjoxNjc4NDA4NDU5fQ.09Kv5Y24wNzLouhDw5h9MkRthEZldjVD6Hzq1i1jxaE"}}
2023-03-10 08:34:19.294  INFO 31692 --- [http-nio-8090-exec-5] com.moehu.back.config.WebLogAspect       : 请求耗时         : 4 ms
2023-03-10 08:34:19.294  INFO 31692 --- [http-nio-8090-exec-5] com.moehu.back.config.WebLogAspect       : =========================================== End ===========================================
2023-03-10 08:34:19.463  INFO 31692 --- [http-nio-8090-exec-7] com.moehu.back.config.WebLogAspect       : ========================================== Start ==========================================
2023-03-10 08:34:19.463  INFO 31692 --- [http-nio-8090-exec-7] com.moehu.back.config.WebLogAspect       : 接口地址：      : http://127.0.0.1:8090/app/user1/getuserInfo
2023-03-10 08:34:19.463  INFO 31692 --- [http-nio-8090-exec-7] com.moehu.back.config.WebLogAspect       : 来源 IP：        : 127.0.0.1
2023-03-10 08:34:19.463  INFO 31692 --- [http-nio-8090-exec-7] com.moehu.back.config.WebLogAspect       : 请求方法：      : POST
2023-03-10 08:34:19.463  INFO 31692 --- [http-nio-8090-exec-7] com.moehu.back.config.WebLogAspect       : 请求入参     : [{"user_id":22,"class_id":0,"course_id":0}]
2023-03-10 08:34:19.464  INFO 31692 --- [http-nio-8090-exec-7] com.moehu.back.config.WebLogAspect       : token 头：        : 
2023-03-10 08:34:19.464  INFO 31692 --- [http-nio-8090-exec-7] com.moehu.back.config.WebLogAspect       : 控制器：   : com.moehu.back.controller.app.UserController.getuserInfo
2023-03-10 08:34:19.469  INFO 31692 --- [http-nio-8090-exec-7] com.moehu.back.config.WebLogAspect       : 响应参数  : {"code":200,"data":{"course":{"course_id":5,"class_hour":96,"class_id":10,"course_title":"555","course_content":"555","course_remarks":"555","course_time":"2023-03-17 15:55","course_create":"Mar 3, 2023, 11:10:44 AM","course_submit":22},"class":{"class_id":10,"class_num":0,"teacher":"10005,10004","class_name":"明星一班","class_type":1,"class_remarks":"111","class_create":"Mar 3, 2023, 2:13:10 PM","class_submit":22},"userinfo":{"user_id":22,"class_id":10,"course_id":0,"user_phone":"18056794700","user_pwd":"123123","user_email":".@qq.com","user_sex":"通用","user_head_img":"https://moehu02.oss-cn-hangzhou.aliyuncs.com/imger/913aee62bb914ba9af93ffc84a957df1-file.jpeg","user_nickname":"有趣的4700","user_uid":"a9bf69f0eab2492798c1d7b40b7544d6","user_reg_time":"2022-07-04 16:14:14","user_birthday":"","user_autograph":"这个人很懒，什么都没有！","user_type":0}}}
2023-03-10 08:34:19.470  INFO 31692 --- [http-nio-8090-exec-7] com.moehu.back.config.WebLogAspect       : 请求耗时         : 7 ms
2023-03-10 08:34:19.470  INFO 31692 --- [http-nio-8090-exec-7] com.moehu.back.config.WebLogAspect       : =========================================== End ===========================================
2023-03-10 08:37:02.265  INFO 31692 --- [http-nio-8090-exec-10] com.moehu.back.config.WebLogAspect       : ========================================== Start ==========================================
2023-03-10 08:37:02.265  INFO 31692 --- [http-nio-8090-exec-10] com.moehu.back.config.WebLogAspect       : 接口地址：      : http://127.0.0.1:8090/app/user1/Login
2023-03-10 08:37:02.265  INFO 31692 --- [http-nio-8090-exec-10] com.moehu.back.config.WebLogAspect       : 来源 IP：        : 127.0.0.1
2023-03-10 08:37:02.265  INFO 31692 --- [http-nio-8090-exec-10] com.moehu.back.config.WebLogAspect       : 请求方法：      : POST
2023-03-10 08:37:02.266  INFO 31692 --- [http-nio-8090-exec-10] com.moehu.back.config.WebLogAspect       : 请求入参     : [{"user_id":0,"class_id":0,"course_id":0,"user_phone":"18056794700","user_pwd":"123123"}]
2023-03-10 08:37:02.266  INFO 31692 --- [http-nio-8090-exec-10] com.moehu.back.config.WebLogAspect       : token 头：        : 
2023-03-10 08:37:02.266  INFO 31692 --- [http-nio-8090-exec-10] com.moehu.back.config.WebLogAspect       : 控制器：   : com.moehu.back.controller.app.UserController.Login
2023-03-10 08:37:02.268  INFO 31692 --- [http-nio-8090-exec-10] c.m.back.service.impl.UserServiceImpl    : userModel.getUser_id() ========== 22
2023-03-10 08:37:02.269  INFO 31692 --- [http-nio-8090-exec-10] com.moehu.back.config.WebLogAspect       : 响应参数  : {"code":200,"data":{"user_info":{"user_id":22,"class_id":10,"course_id":0,"user_phone":"18056794700","user_pwd":"123123","user_email":".@qq.com","user_sex":"通用","user_head_img":"https://moehu02.oss-cn-hangzhou.aliyuncs.com/imger/913aee62bb914ba9af93ffc84a957df1-file.jpeg","user_nickname":"有趣的4700","user_uid":"a9bf69f0eab2492798c1d7b40b7544d6","user_reg_time":"2022-07-04 16:14:14","user_birthday":"","user_autograph":"这个人很懒，什么都没有！","user_type":0},"user_token":"eyJ0eXAiOiJKV1QiLCJhbGciOiJIUzI1NiJ9.eyJhdWQiOiIyMiIsImV4cCI6MTcwOTk0NDYyMiwiaWF0IjoxNjc4NDA4NjIyfQ.luz-QbOQkr5mERH0oS_Hvly8XohwAO5xbFP0hBpkXr0"}}
2023-03-10 08:37:02.269  INFO 31692 --- [http-nio-8090-exec-10] com.moehu.back.config.WebLogAspect       : 请求耗时         : 4 ms
2023-03-10 08:37:02.269  INFO 31692 --- [http-nio-8090-exec-10] com.moehu.back.config.WebLogAspect       : =========================================== End ===========================================
2023-03-10 08:37:02.505  INFO 31692 --- [http-nio-8090-exec-2] com.moehu.back.config.WebLogAspect       : ========================================== Start ==========================================
2023-03-10 08:37:02.505  INFO 31692 --- [http-nio-8090-exec-2] com.moehu.back.config.WebLogAspect       : 接口地址：      : http://127.0.0.1:8090/app/user1/getuserInfo
2023-03-10 08:37:02.505  INFO 31692 --- [http-nio-8090-exec-2] com.moehu.back.config.WebLogAspect       : 来源 IP：        : 127.0.0.1
2023-03-10 08:37:02.505  INFO 31692 --- [http-nio-8090-exec-2] com.moehu.back.config.WebLogAspect       : 请求方法：      : POST
2023-03-10 08:37:02.505  INFO 31692 --- [http-nio-8090-exec-2] com.moehu.back.config.WebLogAspect       : 请求入参     : [{"user_id":22,"class_id":0,"course_id":0}]
2023-03-10 08:37:02.505  INFO 31692 --- [http-nio-8090-exec-2] com.moehu.back.config.WebLogAspect       : token 头：        : 
2023-03-10 08:37:02.506  INFO 31692 --- [http-nio-8090-exec-2] com.moehu.back.config.WebLogAspect       : 控制器：   : com.moehu.back.controller.app.UserController.getuserInfo
2023-03-10 08:37:02.510  INFO 31692 --- [http-nio-8090-exec-2] com.moehu.back.config.WebLogAspect       : 响应参数  : {"code":200,"data":{"course":{"course_id":5,"class_hour":96,"class_id":10,"course_title":"555","course_content":"555","course_remarks":"555","course_time":"2023-03-17 15:55","course_create":"Mar 3, 2023, 11:10:44 AM","course_submit":22},"class":{"class_id":10,"class_num":0,"teacher":"10005,10004","class_name":"明星一班","class_type":1,"class_remarks":"111","class_create":"Mar 3, 2023, 2:13:10 PM","class_submit":22},"userinfo":{"user_id":22,"class_id":10,"course_id":0,"user_phone":"18056794700","user_pwd":"123123","user_email":".@qq.com","user_sex":"通用","user_head_img":"https://moehu02.oss-cn-hangzhou.aliyuncs.com/imger/913aee62bb914ba9af93ffc84a957df1-file.jpeg","user_nickname":"有趣的4700","user_uid":"a9bf69f0eab2492798c1d7b40b7544d6","user_reg_time":"2022-07-04 16:14:14","user_birthday":"","user_autograph":"这个人很懒，什么都没有！","user_type":0}}}
2023-03-10 08:37:02.510  INFO 31692 --- [http-nio-8090-exec-2] com.moehu.back.config.WebLogAspect       : 请求耗时         : 5 ms
2023-03-10 08:37:02.510  INFO 31692 --- [http-nio-8090-exec-2] com.moehu.back.config.WebLogAspect       : =========================================== End ===========================================
2023-03-10 08:39:09.747  INFO 31692 --- [http-nio-8090-exec-5] com.moehu.back.config.WebLogAspect       : ========================================== Start ==========================================
2023-03-10 08:39:09.747  INFO 31692 --- [http-nio-8090-exec-5] com.moehu.back.config.WebLogAspect       : 接口地址：      : http://127.0.0.1:8090/app/user1/getuserInfo
2023-03-10 08:39:09.747  INFO 31692 --- [http-nio-8090-exec-5] com.moehu.back.config.WebLogAspect       : 来源 IP：        : 127.0.0.1
2023-03-10 08:39:09.747  INFO 31692 --- [http-nio-8090-exec-5] com.moehu.back.config.WebLogAspect       : 请求方法：      : POST
2023-03-10 08:39:09.748  INFO 31692 --- [http-nio-8090-exec-5] com.moehu.back.config.WebLogAspect       : 请求入参     : [{"user_id":22,"class_id":0,"course_id":0}]
2023-03-10 08:39:09.748  INFO 31692 --- [http-nio-8090-exec-5] com.moehu.back.config.WebLogAspect       : token 头：        : 
2023-03-10 08:39:09.748  INFO 31692 --- [http-nio-8090-exec-5] com.moehu.back.config.WebLogAspect       : 控制器：   : com.moehu.back.controller.app.UserController.getuserInfo
2023-03-10 08:39:09.752  INFO 31692 --- [http-nio-8090-exec-5] com.moehu.back.config.WebLogAspect       : 响应参数  : {"code":200,"data":{"course":{"course_id":5,"class_hour":96,"class_id":10,"course_title":"555","course_content":"555","course_remarks":"555","course_time":"2023-03-17 15:55","course_create":"Mar 3, 2023, 11:10:44 AM","course_submit":22},"class":{"class_id":10,"class_num":0,"teacher":"10005,10004","class_name":"明星一班","class_type":1,"class_remarks":"111","class_create":"Mar 3, 2023, 2:13:10 PM","class_submit":22},"userinfo":{"user_id":22,"class_id":10,"course_id":0,"user_phone":"18056794700","user_pwd":"123123","user_email":".@qq.com","user_sex":"通用","user_head_img":"https://moehu02.oss-cn-hangzhou.aliyuncs.com/imger/913aee62bb914ba9af93ffc84a957df1-file.jpeg","user_nickname":"有趣的4700","user_uid":"a9bf69f0eab2492798c1d7b40b7544d6","user_reg_time":"2022-07-04 16:14:14","user_birthday":"","user_autograph":"这个人很懒，什么都没有！","user_type":0}}}
2023-03-10 08:39:09.753  INFO 31692 --- [http-nio-8090-exec-5] com.moehu.back.config.WebLogAspect       : 请求耗时         : 6 ms
2023-03-10 08:39:09.753  INFO 31692 --- [http-nio-8090-exec-5] com.moehu.back.config.WebLogAspect       : =========================================== End ===========================================
2023-03-10 08:39:29.825  INFO 31692 --- [http-nio-8090-exec-7] com.moehu.back.config.WebLogAspect       : ========================================== Start ==========================================
2023-03-10 08:39:29.825  INFO 31692 --- [http-nio-8090-exec-7] com.moehu.back.config.WebLogAspect       : 接口地址：      : http://127.0.0.1:8090/app/user1/Login
2023-03-10 08:39:29.825  INFO 31692 --- [http-nio-8090-exec-7] com.moehu.back.config.WebLogAspect       : 来源 IP：        : 127.0.0.1
2023-03-10 08:39:29.825  INFO 31692 --- [http-nio-8090-exec-7] com.moehu.back.config.WebLogAspect       : 请求方法：      : POST
2023-03-10 08:39:29.825  INFO 31692 --- [http-nio-8090-exec-7] com.moehu.back.config.WebLogAspect       : 请求入参     : [{"user_id":0,"class_id":0,"course_id":0,"user_phone":"18056794700","user_pwd":"123123"}]
2023-03-10 08:39:29.825  INFO 31692 --- [http-nio-8090-exec-7] com.moehu.back.config.WebLogAspect       : token 头：        : 
2023-03-10 08:39:29.825  INFO 31692 --- [http-nio-8090-exec-7] com.moehu.back.config.WebLogAspect       : 控制器：   : com.moehu.back.controller.app.UserController.Login
2023-03-10 08:39:29.827  INFO 31692 --- [http-nio-8090-exec-7] c.m.back.service.impl.UserServiceImpl    : userModel.getUser_id() ========== 22
2023-03-10 08:39:29.828  INFO 31692 --- [http-nio-8090-exec-7] com.moehu.back.config.WebLogAspect       : 响应参数  : {"code":200,"data":{"user_info":{"user_id":22,"class_id":10,"course_id":0,"user_phone":"18056794700","user_pwd":"123123","user_email":".@qq.com","user_sex":"通用","user_head_img":"https://moehu02.oss-cn-hangzhou.aliyuncs.com/imger/913aee62bb914ba9af93ffc84a957df1-file.jpeg","user_nickname":"有趣的4700","user_uid":"a9bf69f0eab2492798c1d7b40b7544d6","user_reg_time":"2022-07-04 16:14:14","user_birthday":"","user_autograph":"这个人很懒，什么都没有！","user_type":0},"user_token":"eyJ0eXAiOiJKV1QiLCJhbGciOiJIUzI1NiJ9.eyJhdWQiOiIyMiIsImV4cCI6MTcwOTk0NDc2OSwiaWF0IjoxNjc4NDA4NzY5fQ.RqlgyhnofZhRNUuRBBp5du_YXXDnbZ-bbyZ3qognxw0"}}
2023-03-10 08:39:29.828  INFO 31692 --- [http-nio-8090-exec-7] com.moehu.back.config.WebLogAspect       : 请求耗时         : 3 ms
2023-03-10 08:39:29.828  INFO 31692 --- [http-nio-8090-exec-7] com.moehu.back.config.WebLogAspect       : =========================================== End ===========================================
2023-03-10 08:40:21.282  INFO 31692 --- [http-nio-8090-exec-9] com.moehu.back.config.WebLogAspect       : ========================================== Start ==========================================
2023-03-10 08:40:21.282  INFO 31692 --- [http-nio-8090-exec-9] com.moehu.back.config.WebLogAspect       : 接口地址：      : http://127.0.0.1:8090/app/user1/Login
2023-03-10 08:40:21.283  INFO 31692 --- [http-nio-8090-exec-9] com.moehu.back.config.WebLogAspect       : 来源 IP：        : 127.0.0.1
2023-03-10 08:40:21.283  INFO 31692 --- [http-nio-8090-exec-9] com.moehu.back.config.WebLogAspect       : 请求方法：      : POST
2023-03-10 08:40:21.283  INFO 31692 --- [http-nio-8090-exec-9] com.moehu.back.config.WebLogAspect       : 请求入参     : [{"user_id":0,"class_id":0,"course_id":0,"user_phone":"18056794700","user_pwd":"123123"}]
2023-03-10 08:40:21.283  INFO 31692 --- [http-nio-8090-exec-9] com.moehu.back.config.WebLogAspect       : token 头：        : 
2023-03-10 08:40:21.283  INFO 31692 --- [http-nio-8090-exec-9] com.moehu.back.config.WebLogAspect       : 控制器：   : com.moehu.back.controller.app.UserController.Login
2023-03-10 08:40:21.285  INFO 31692 --- [http-nio-8090-exec-9] c.m.back.service.impl.UserServiceImpl    : userModel.getUser_id() ========== 22
2023-03-10 08:40:21.287  INFO 31692 --- [http-nio-8090-exec-9] com.moehu.back.config.WebLogAspect       : 响应参数  : {"code":200,"data":{"user_info":{"user_id":22,"class_id":10,"course_id":0,"user_phone":"18056794700","user_pwd":"123123","user_email":".@qq.com","user_sex":"通用","user_head_img":"https://moehu02.oss-cn-hangzhou.aliyuncs.com/imger/913aee62bb914ba9af93ffc84a957df1-file.jpeg","user_nickname":"有趣的4700","user_uid":"a9bf69f0eab2492798c1d7b40b7544d6","user_reg_time":"2022-07-04 16:14:14","user_birthday":"","user_autograph":"这个人很懒，什么都没有！","user_type":0},"user_token":"eyJ0eXAiOiJKV1QiLCJhbGciOiJIUzI1NiJ9.eyJhdWQiOiIyMiIsImV4cCI6MTcwOTk0NDgyMSwiaWF0IjoxNjc4NDA4ODIxfQ.U_6ufYM93g-ECZkgbFXGk8EkvrjtrKT1Cw91WWNXGq8"}}
2023-03-10 08:40:21.287  INFO 31692 --- [http-nio-8090-exec-9] com.moehu.back.config.WebLogAspect       : 请求耗时         : 5 ms
2023-03-10 08:40:21.287  INFO 31692 --- [http-nio-8090-exec-9] com.moehu.back.config.WebLogAspect       : =========================================== End ===========================================
2023-03-10 08:40:21.553  INFO 31692 --- [http-nio-8090-exec-1] com.moehu.back.config.WebLogAspect       : ========================================== Start ==========================================
2023-03-10 08:40:21.553  INFO 31692 --- [http-nio-8090-exec-1] com.moehu.back.config.WebLogAspect       : 接口地址：      : http://127.0.0.1:8090/app/user1/getallclass
2023-03-10 08:40:21.553  INFO 31692 --- [http-nio-8090-exec-1] com.moehu.back.config.WebLogAspect       : 来源 IP：        : 127.0.0.1
2023-03-10 08:40:21.553  INFO 31692 --- [http-nio-8090-exec-1] com.moehu.back.config.WebLogAspect       : 请求方法：      : POST
2023-03-10 08:40:21.553  INFO 31692 --- [http-nio-8090-exec-1] com.moehu.back.config.WebLogAspect       : 请求入参     : []
2023-03-10 08:40:21.553  INFO 31692 --- [http-nio-8090-exec-1] com.moehu.back.config.WebLogAspect       : token 头：        : 
2023-03-10 08:40:21.553  INFO 31692 --- [http-nio-8090-exec-1] com.moehu.back.config.WebLogAspect       : 控制器：   : com.moehu.back.controller.app.UserController.getallclass
2023-03-10 08:40:21.556  INFO 31692 --- [http-nio-8090-exec-1] com.moehu.back.config.WebLogAspect       : 响应参数  : {"code":200,"data":[{"class_id":10,"class_num":0,"teacher":"10005,10004","class_name":"明星一班","class_type":1,"class_remarks":"111","class_create":"Mar 3, 2023, 2:13:10 PM","class_submit":22},{"class_id":9,"class_num":0,"teacher":"10005,10004,22","class_name":"新星一班","class_type":0,"class_remarks":"333","class_create":"Mar 3, 2023, 12:38:34 PM","class_submit":22},{"class_id":7,"class_num":0,"teacher":"10005","class_name":"初学一班","class_type":0,"class_remarks":"222","class_create":"Mar 3, 2023, 12:23:28 PM","class_submit":22}]}
2023-03-10 08:40:21.556  INFO 31692 --- [http-nio-8090-exec-1] com.moehu.back.config.WebLogAspect       : 请求耗时         : 3 ms
2023-03-10 08:40:21.556  INFO 31692 --- [http-nio-8090-exec-1] com.moehu.back.config.WebLogAspect       : =========================================== End ===========================================
2023-03-10 08:40:32.330  INFO 31692 --- [http-nio-8090-exec-3] com.moehu.back.config.WebLogAspect       : ========================================== Start ==========================================
2023-03-10 08:40:32.330  INFO 31692 --- [http-nio-8090-exec-3] com.moehu.back.config.WebLogAspect       : 接口地址：      : http://127.0.0.1:8090/app/user1/getuserbytype
2023-03-10 08:40:32.330  INFO 31692 --- [http-nio-8090-exec-3] com.moehu.back.config.WebLogAspect       : 来源 IP：        : 127.0.0.1
2023-03-10 08:40:32.330  INFO 31692 --- [http-nio-8090-exec-3] com.moehu.back.config.WebLogAspect       : 请求方法：      : POST
2023-03-10 08:40:32.331  INFO 31692 --- [http-nio-8090-exec-3] com.moehu.back.config.WebLogAspect       : 请求入参     : [{"user_id":0,"class_id":0,"course_id":0,"user_type":1}]
2023-03-10 08:40:32.331  INFO 31692 --- [http-nio-8090-exec-3] com.moehu.back.config.WebLogAspect       : token 头：        : 
2023-03-10 08:40:32.331  INFO 31692 --- [http-nio-8090-exec-3] com.moehu.back.config.WebLogAspect       : 控制器：   : com.moehu.back.controller.app.UserController.getuserbytype
2023-03-10 08:40:32.337  INFO 31692 --- [http-nio-8090-exec-3] com.moehu.back.config.WebLogAspect       : 响应参数  : {"code":200,"data":[{"user_id":10013,"class_id":10,"course":[{"course_id":5,"class_hour":96,"class_id":10,"course_title":"555","course_content":"555","course_remarks":"555","course_time":"2023-03-17 15:55","course_create":"Mar 3, 2023, 11:10:44 AM","course_submit":22}],"course_id":0,"user_phone":"18056794706","user_pwd":"111111","user_nickname":"123123","user_uid":"6154988eea5d4388955baf258fb064ee","user_reg_time":"2023-03-03 08:49:21","user_autograph":"这个人很懒，什么都没有！","user_type":1},{"user_id":10019,"class_id":10,"course":[{"course_id":5,"class_hour":96,"class_id":10,"course_title":"555","course_content":"555","course_remarks":"555","course_time":"2023-03-17 15:55","course_create":"Mar 3, 2023, 11:10:44 AM","course_submit":22}],"course_id":0,"child_phone":"18056794700","user_phone":"18056794789","user_pwd":"123123","user_nickname":"杜小宇","user_uid":"cc83d9a067ff4d42897bd2dfb019e3c8","user_reg_time":"2023-03-06 08:32:51","user_autograph":"这个人很懒，什么都没有！","user_type":1},{"user_id":10022,"class_id":10,"course":[{"course_id":5,"class_hour":96,"class_id":10,"course_title":"555","course_content":"555","course_remarks":"555","course_time":"2023-03-17 15:55","course_create":"Mar 3, 2023, 11:10:44 AM","course_submit":22}],"course_id":0,"child_phone":"","user_phone":"18056794715","user_pwd":"123123","user_nickname":"测试001","user_uid":"828bad176b7e40e2bac1e0b10606ecb4","user_reg_time":"2023-03-08 11:25:11","user_autograph":"这个人很懒，什么都没有！","user_type":1},{"user_id":10023,"class_id":10,"course":[{"course_id":5,"class_hour":96,"class_id":10,"course_title":"555","course_content":"555","course_remarks":"555","course_time":"2023-03-17 15:55","course_create":"Mar 3, 2023, 11:10:44 AM","course_submit":22}],"course_id":0,"child_phone":"","user_phone":"18056794732","user_pwd":"123123","user_nickname":"ceshi002","user_uid":"27d2238123894415bcefe0bf5394e858","user_reg_time":"2023-03-08 11:26:05","user_autograph":"这个人很懒，什么都没有！","user_type":1}]}
2023-03-10 08:40:32.337  INFO 31692 --- [http-nio-8090-exec-3] com.moehu.back.config.WebLogAspect       : 请求耗时         : 7 ms
2023-03-10 08:40:32.337  INFO 31692 --- [http-nio-8090-exec-3] com.moehu.back.config.WebLogAspect       : =========================================== End ===========================================
2023-03-10 08:47:22.976  INFO 31692 --- [SpringContextShutdownHook] org.quartz.core.QuartzScheduler          : Scheduler quartzScheduler_$_NON_CLUSTERED paused.
2023-03-10 08:47:23.214  INFO 31692 --- [SpringContextShutdownHook] o.s.s.quartz.SchedulerFactoryBean        : Shutting down Quartz Scheduler
2023-03-10 08:47:23.214  INFO 31692 --- [SpringContextShutdownHook] org.quartz.core.QuartzScheduler          : Scheduler quartzScheduler_$_NON_CLUSTERED shutting down.
2023-03-10 08:47:23.214  INFO 31692 --- [SpringContextShutdownHook] org.quartz.core.QuartzScheduler          : Scheduler quartzScheduler_$_NON_CLUSTERED paused.
2023-03-10 08:47:23.214  INFO 31692 --- [SpringContextShutdownHook] org.quartz.core.QuartzScheduler          : Scheduler quartzScheduler_$_NON_CLUSTERED shutdown complete.
2023-03-10 08:47:23.215  INFO 31692 --- [SpringContextShutdownHook] o.s.s.concurrent.ThreadPoolTaskExecutor  : Shutting down ExecutorService 'applicationTaskExecutor'
2023-03-10 08:47:23.217  INFO 31692 --- [SpringContextShutdownHook] com.zaxxer.hikari.HikariDataSource       : HikariPool-1 - Shutdown initiated...
2023-03-10 08:47:23.223  INFO 31692 --- [SpringContextShutdownHook] com.zaxxer.hikari.HikariDataSource       : HikariPool-1 - Shutdown completed.
